app/build/outputs/mapping/release/seeds.txt
com.Example.calligrapy.ScorpionMyCrop
com.Example.calligrapy.GetStartActivity
com.Example.calligrapy.ScorpionTextActivity
com.Example.calligrapy.HorizontalListView
com.Example.calligrapy.StickerView
com.Example.calligrapy.ScorpionStickerGridActivity
com.Example.calligrapy.IconTextView
com.Example.calligrapy.ScorpionEditTextActivity
com.Example.calligrapy.MyCreation
com.Example.calligrapy.CropImageView
com.Example.calligrapy.EnterAppActivity
com.Example.calligrapy.Sharee
com.Example.calligrapy.NonScrollListView
com.Example.calligrapy.ScorpionSplashActivity
com.Example.calligrapy.ScorpionMainActivity
com.Example.calligrapy.LogoView
com.Example.calligrapy.ScorpionImage_Activity
com.Example.calligrapy.HorizontalListView: int getRenderWidth()
com.Example.calligrapy.ScorpionEditTextActivity: void onClick(android.view.View)
com.Example.calligrapy.HorizontalListView: void setOnClickListener(android.view.View$OnClickListener)
com.Example.calligrapy.HorizontalListView: void setAdapter(android.widget.Adapter)
com.Example.calligrapy.CropImageView: void setGuidelines(int)
com.Example.calligrapy.ScorpionTextActivity: void onClick(android.view.View)
com.Example.calligrapy.CropImageView: android.graphics.Bitmap getBitmap()
com.Example.calligrapy.Sharee: Sharee()
com.Example.calligrapy.HorizontalListView: int getLastVisiblePosition()
com.Example.calligrapy.StickerView: android.graphics.drawable.Drawable getCurruntDrawablr()
com.Example.calligrapy.HorizontalListView: float getRightFadingEdgeStrength()
com.Example.calligrapy.ScorpionEditTextActivity: ScorpionEditTextActivity()
com.Example.calligrapy.CropImageView: void setImageResource(int)
com.Example.calligrapy.GetStartActivity: GetStartActivity()
com.Example.calligrapy.HorizontalListView$OnScrollStateChangedListener$ScrollState: com.Example.calligrapy.HorizontalListView$OnScrollStateChangedListener$ScrollState valueOf(java.lang.String)
com.Example.calligrapy.ScorpionMyCrop: void onClick(android.view.View)
com.Example.calligrapy.HorizontalListView: android.view.View getRightmostChild()
com.Example.calligrapy.ScorpionMainActivity: ScorpionMainActivity()
com.Example.calligrapy.HorizontalListView: android.widget.ListAdapter getAdapter()
com.Example.calligrapy.CropImageView: void setImageBitmap(android.graphics.Bitmap)
com.Example.calligrapy.StickerView$ActionMode: com.Example.calligrapy.StickerView$ActionMode[] values()
com.Example.calligrapy.HorizontalListView: void setAdapter(android.widget.ListAdapter)
com.Example.calligrapy.ScorpionImage_Activity: ScorpionImage_Activity()
com.Example.calligrapy.ScorpionImage_Activity: void onClick(android.view.View)
com.Example.calligrapy.StickerView: float getIconRadius()
com.Example.calligrapy.HorizontalListView: void setOnScrollStateChangedListener(com.Example.calligrapy.HorizontalListView$OnScrollStateChangedListener)
com.Example.calligrapy.ScorpionStickerGridActivity: ScorpionStickerGridActivity()
com.Example.calligrapy.StickerView: StickerView(android.content.Context,android.util.AttributeSet)
com.Example.calligrapy.HorizontalListView$OnScrollStateChangedListener$ScrollState: com.Example.calligrapy.HorizontalListView$OnScrollStateChangedListener$ScrollState[] values()
com.Example.calligrapy.EnterAppActivity: EnterAppActivity()
com.Example.calligrapy.CropImageView: int getImageResource()
com.Example.calligrapy.HorizontalListView: android.widget.Adapter getAdapter()
com.Example.calligrapy.LogoView: LogoView(android.content.Context,android.util.AttributeSet)
com.Example.calligrapy.ScorpionTextActivity: ScorpionTextActivity()
com.Example.calligrapy.StickerView: float getIconExtraRadius()
com.Example.calligrapy.HorizontalListView: int getFirstVisiblePosition()
com.Example.calligrapy.HorizontalListView: void setSelection(int)
com.Example.calligrapy.StickerView$ActionMode: com.Example.calligrapy.StickerView$ActionMode valueOf(java.lang.String)
com.Example.calligrapy.ScorpionStickerGridActivity: void onClick(android.view.View)
...
com.facebook.ads.ExtraHints$Keyword: com.facebook.ads.ExtraHints$Keyword POLITICS
com.google.android.gms.internal.ads.zzajt: com.google.android.gms.internal.ads.zzgjf zzf
kotlinx.coroutines.JobSupport: java.lang.Object _parentHandle
com.google.ads.mediation.AbstractAdViewAdapter: com.google.android.gms.ads.AdView mAdView
com.google.android.gms.internal.ads.zzgff: java.lang.String zze
com.google.android.material.appbar.AppBarLayout$BaseBehavior$SavedState: android.os.Parcelable$Creator CREATOR
com.google.android.gms.internal.ads.zzbdf: com.google.android.gms.internal.ads.zzbda zzl
com.facebook.ads.CacheFlag: com.facebook.ads.CacheFlag VIDEO
com.google.android.gms.internal.ads.zzbdm: int zzl
com.google.ads.mediation.facebook.FacebookMediationAdapter: int ERROR_INVALID_SERVER_PARAMETERS
com.google.android.gms.internal.ads.zzgej: com.google.android.gms.internal.ads.zzgej zzb
com.google.android.gms.internal.ads.zzgdp: int zzf
com.google.android.gms.internal.ads.zzajp: com.google.android.gms.internal.ads.zzgku zzaA
com.google.android.gms.internal.ads.zzgoh: com.google.android.gms.internal.ads.zzgog zzf
com.google.android.gms.internal.ads.zzajp: java.lang.String zzV
com.facebook.ads.VideoAutoplayBehavior: com.facebook.ads.VideoAutoplayBehavior[] $VALUES
com.facebook.ads.internal.dynamicloading.DynamicLoaderFactory: int DEX_LOAD_RETRY_DELAY_MS
com.google.android.gms.internal.ads.zzgdd: int zze
com.bumptech.glide.load.ImageHeaderParser$ImageType: com.bumptech.glide.load.ImageHeaderParser$ImageType WEBP
com.google.android.gms.internal.ads.zzgfc: int zzf
com.google.android.gms.internal.ads.zzbby: com.google.android.gms.internal.ads.zzgku zzg
com.google.android.gms.internal.ads.zzajp: long zzx
com.google.android.gms.internal.ads.zzbbq: boolean zzf
com.facebook.ads.internal.dynamicloading.DynamicLoaderFactory: java.lang.String DEX_LOADING_ERROR_MESSAGE
com.google.android.gms.internal.ads.zzajp: long zzA
com.facebook.ads.AdError: int AD_PRESENTATION_ERROR_CODE
com.facebook.ads.AdError: int INCORRECT_STATE_ERROR
com.google.android.gms.common.internal.safeparcel.SafeParcelable: java.lang.String NULL
com.facebook.ads.internal.api.AdSizeApi: int BANNER_HEIGHT_90
com.google.android.gms.internal.ads.zzajr: boolean zzh
com.google.android.gms.internal.ads.zzgou: byte zzo
com.google.android.gms.internal.ads.zzbeh: int zzi
com.google.android.gms.internal.ads.zzajm: long zzg
com.google.android.gms.internal.ads.zzfni: com.google.android.gms.internal.ads.zzfni zzb
com.google.android.gms.internal.ads.zzggh: com.google.android.gms.internal.ads.zzgfi zzf
com.google.android.gms.internal.ads.zzaip: java.lang.String zzi
com.facebook.ads.NativeAdLayout: com.facebook.ads.internal.api.NativeAdLayoutApi mNativeAdLayoutApi
androidx.appcompat.widget.Toolbar$SavedState: android.os.Parcelable$Creator CREATOR
com.google.android.gms.internal.ads.zzajp: java.lang.String zzaG
com.facebook.ads.internal.api.NativeAdViewTypeApi: int HEIGHT_300
com.google.android.gms.internal.ads.zzbce: com.google.android.gms.internal.ads.zzbdw zzi
com.google.android.gms.internal.ads.zzaix: com.google.android.gms.internal.ads.zzaix zzb
com.facebook.ads.AdExperienceType: com.facebook.ads.AdExperienceType AD_EXPERIENCE_TYPE_REWARDED_INTERSTITIAL
androidx.fragment.app.FragmentManagerState: android.os.Parcelable$Creator CREATOR
com.google.android.gms.internal.ads.zzajk: com.google.android.gms.internal.ads.zzajk zzb
com.facebook.ads.internal.dynamicloading.DynamicLoaderFactory: java.lang.String DYNAMIC_LOADING_BUILD_TYPE
com.google.android.gms.internal.ads.zzbce: int zze
com.google.android.gms.internal.ads.zzzl: android.os.Parcelable$Creator CREATOR
com.google.android.gms.internal.ads.zzajp: com.google.android.gms.internal.ads.zzajp zzb
com.google.android.gms.common.internal.zzi: android.os.Parcelable$Creator CREATOR
com.google.android.gms.common.internal.RootTelemetryConfiguration: android.os.Parcelable$Creator CREATOR
com.google.android.gms.internal.ads.zzgfc: int zze