app/build/outputs/mapping/release/mapping.txt
# compiler: R8
# compiler_version: 3.2.74
# min_api: 21
# common_typos_disable
# {"id":"com.android.tools.r8.mapping","version":"2.0"}
# pg_map_id: af75898
# pg_map_hash: SHA-256 af758988a13bde15f678e2890e2f722180130277eb478bc8307b09a3d216fd4e
com.Example.calligrapy.ActionListener -> com.Example.calligrapy.a:
    void action(java.lang.String) -> a
com.Example.calligrapy.AdapterMyCreation -> com.Example.calligrapy.c:
    android.app.Activity activity -> d
    com.Example.calligrapy.CreationListener listener -> e
    java.util.ArrayList fileList -> f
    int getItemCount() -> d
    void onBindViewHolder(androidx.recyclerview.widget.RecyclerView$ViewHolder,int) -> k
    androidx.recyclerview.widget.RecyclerView$ViewHolder onCreateViewHolder(android.view.ViewGroup,int) -> m
    void $r8$lambda$XkzrfAQu6sUw2RNszvuj98NXHcA(com.Example.calligrapy.AdapterMyCreation,int,android.view.View) -> v
      # {"id":"com.android.tools.r8.synthesized"}
    void lambda$onBindViewHolder$0(int,android.view.View) -> w
    void onBindViewHolder(com.Example.calligrapy.AdapterMyCreation$ViewHolder,int) -> x
    com.Example.calligrapy.AdapterMyCreation$ViewHolder onCreateViewHolder(android.view.ViewGroup,int) -> y
    void updateList(java.util.ArrayList) -> z
com.Example.calligrapy.AdapterMyCreation$$ExternalSyntheticLambda0 -> com.Example.calligrapy.b:
# {"id":"sourceFile","fileName":"R8$$SyntheticClass"}
# {"id":"com.android.tools.r8.synthesized"}
    com.Example.calligrapy.AdapterMyCreation com.Example.calligrapy.AdapterMyCreation$$InternalSyntheticLambda$2$58c018608b284bb235617ee96eca94e3842b65526fcfd9941614d203712ed167$0.f$0 -> f
    int com.Example.calligrapy.AdapterMyCreation$$InternalSyntheticLambda$2$58c018608b284bb235617ee96eca94e3842b65526fcfd9941614d203712ed167$0.f$1 -> g
    void com.Example.calligrapy.AdapterMyCreation$$InternalSyntheticLambda$2$58c018608b284bb235617ee96eca94e3842b65526fcfd9941614d203712ed167$0.<init>(com.Example.calligrapy.AdapterMyCreation,int) -> <init>
      # {"id":"com.android.tools.r8.synthesized"}
    void com.Example.calligrapy.AdapterMyCreation$$InternalSyntheticLambda$2$58c018608b284bb235617ee96eca94e3842b65526fcfd9941614d203712ed167$0.onClick(android.view.View) -> onClick
      # {"id":"com.android.tools.r8.synthesized"}
com.Example.calligrapy.AdapterMyCreation$ViewHolder -> com.Example.calligrapy.c$a:
    com.Example.calligrapy.AdapterMyCreation this$0 -> v
    com.Example.calligrapy.LogoView logoView -> u
    com.Example.calligrapy.LogoView access$000(com.Example.calligrapy.AdapterMyCreation$ViewHolder) -> M
com.Example.calligrapy.BitmapCompression -> com.Example.calligrapy.d:
    int w -> b
    int h -> a
    android.graphics.Bitmap adjustImageOrientation(java.io.File,android.graphics.Bitmap) -> a
    android.graphics.Bitmap adjustImageOrientationUri(android.content.Context,android.net.Uri,android.graphics.Bitmap) -> b
    android.graphics.Bitmap decodeFile(java.io.File,int,int) -> c
com.Example.calligrapy.BitmapStickerIcon -> com.Example.calligrapy.e:
    float y -> g
    float x -> f
    float getX() -> q
    float getY() -> r
    void setX(float) -> s
    void setY(float) -> t
com.Example.calligrapy.CreationListener -> com.Example.calligrapy.f:
    void onClick(int,java.lang.String) -> a
com.Example.calligrapy.CropImageView -> com.Example.calligrapy.CropImageView:
    int mLayoutHeight -> o
    int mGuidelines -> l
    int mImageResource -> m
    int mDegreesRotated -> j
    boolean mFixAspectRatio -> k
    com.edmodo.cropper.cropwindow.CropOverlayView mCropOverlayView -> i
    int mAspectRatioX -> f
    int mAspectRatioY -> g
    android.widget.ImageView mImageView -> n
    android.graphics.Bitmap mBitmap -> h
    int mLayoutWidth -> p
    android.graphics.Rect EMPTY_RECT -> q
    int getOnMeasureSpec(int,int,int) -> a
    void init(android.content.Context) -> b
    void rotateImage(int) -> c
    void setAspectRatio(int,int) -> d
...
com.google.android.material.textfield.IndicatorViewController -> com.google.android.material.textfield.g:
    android.content.Context context -> a
    int errorTextAppearance -> n
    android.content.res.ColorStateList errorViewTextColor -> o
    android.widget.FrameLayout captionArea -> e
    android.content.res.ColorStateList helperTextViewTextColor -> t
    com.google.android.material.textfield.TextInputLayout textInputView -> b
    float captionTranslationYPx -> g
    android.widget.TextView helperTextView -> r
    int captionDisplayed -> h
    boolean errorEnabled -> k
    int captionToShow -> i
    int indicatorsAdded -> d
    boolean helperTextEnabled -> q
    java.lang.CharSequence errorText -> j
    android.widget.LinearLayout indicatorArea -> c
    android.animation.Animator captionAnimator -> f
    java.lang.CharSequence errorViewContentDescription -> m
    java.lang.CharSequence helperText -> p
    int helperTextTextAppearance -> s
    android.graphics.Typeface typeface -> u
    android.widget.TextView errorView -> l
    boolean isHelperTextEnabled() -> A
    void removeIndicator(android.widget.TextView,int) -> B
    void setCaptionViewVisibilities(int,int) -> C
    void setErrorContentDescription(java.lang.CharSequence) -> D
    void setErrorEnabled(boolean) -> E
    void setErrorTextAppearance(int) -> F
    void setErrorViewTextColor(android.content.res.ColorStateList) -> G
    void setHelperTextAppearance(int) -> H
    void setHelperTextEnabled(boolean) -> I
com.google.android.material.textfield.IndicatorViewController$1 -> com.google.android.material.textfield.g$a:
    android.widget.TextView val$captionViewToHide -> b
    android.widget.TextView val$captionViewToShow -> d
    int val$captionToHide -> c
    com.google.android.material.textfield.IndicatorViewController this$0 -> e
    int val$captionToShow -> a
com.google.android.material.textfield.IndicatorViewController$2 -> com.google.android.material.textfield.g$b:
    com.google.android.material.textfield.IndicatorViewController this$0 -> a
com.google.android.material.textfield.MaterialAutoCompleteTextView -> com.google.android.material.textfield.h:
    int simpleItemLayout -> m
    android.view.accessibility.AccessibilityManager accessibilityManager -> k
    android.graphics.Rect tempRect -> l
    androidx.appcompat.widget.ListPopupWindow modalListPopup -> j
    androidx.appcompat.widget.ListPopupWindow access$000(com.google.android.material.textfield.MaterialAutoCompleteTextView) -> b
    void access$100(com.google.android.material.textfield.MaterialAutoCompleteTextView,java.lang.Object) -> c
    com.google.android.material.textfield.TextInputLayout findTextInputLayoutAncestor() -> d
    int measureContentWidth() -> e
    void updateText(java.lang.Object) -> f
com.google.android.material.textfield.MaterialAutoCompleteTextView$1 -> com.google.android.material.textfield.h$a:
    com.google.android.material.textfield.MaterialAutoCompleteTextView this$0 -> f
com.google.android.material.textfield.NoEndIconDelegate -> com.google.android.material.textfield.i:
    void initialize() -> a
com.google.android.material.textfield.PasswordToggleEndIconDelegate -> com.google.android.material.textfield.j:
    com.google.android.material.textfield.TextInputLayout$OnEndIconChangedListener onEndIconChangedListener -> g
    com.google.android.material.textfield.TextInputLayout$OnEditTextAttachedListener onEditTextAttachedListener -> f
    android.text.TextWatcher textWatcher -> e
    void initialize() -> a
    boolean access$000(com.google.android.material.textfield.PasswordToggleEndIconDelegate) -> e
    android.text.TextWatcher access$100(com.google.android.material.textfield.PasswordToggleEndIconDelegate) -> f
    boolean hasPasswordTransformation() -> g
    boolean isInputTypePassword(android.widget.EditText) -> h