app/build/outputs/mapping/release/usage.txt
com.Example.calligrapy.BitmapCompression:
    public void <init>()
    public static int calculateInSampleSize(android.graphics.BitmapFactory$Options,int,int)
    public static android.graphics.Bitmap decodeSampledBitmapFromResource(android.content.res.Resources,int,int,int)
    public static android.graphics.Bitmap getCorrectlyOrientedImage(android.content.Context,android.net.Uri,int)
    public static int getOrientation(android.content.Context,android.net.Uri)
    public static android.graphics.Bitmap rotateBitmap(android.graphics.Bitmap,int)
    public static android.graphics.Bitmap scaleCenterCrop(android.graphics.Bitmap,int,int)
com.Example.calligrapy.BitmapUtil
com.Example.calligrapy.BuildConfig
com.Example.calligrapy.CropImageView:
    public static final int DEFAULT_ASPECT_RATIO_X
    public static final int DEFAULT_ASPECT_RATIO_Y
    public static final boolean DEFAULT_FIXED_ASPECT_RATIO
    public static final int DEFAULT_GUIDELINES
    private static final int DEFAULT_IMAGE_RESOURCE
    private static final java.lang.String DEGREES_ROTATED
    public void <init>(android.content.Context)
    public void setImageBitmap(android.graphics.Bitmap,android.media.ExifInterface)
com.Example.calligrapy.DrawableSticker:
    protected static final java.lang.String TAG
com.Example.calligrapy.HorizontalListView$HoneycombPlus:
    private void <init>()
com.Example.calligrapy.HorizontalListView$IceCreamSandwichPlus:
    private void <init>()
com.Example.calligrapy.HorizontalListView:
    private static final java.lang.String BUNDLE_ID_CURRENT_X
    private static final java.lang.String BUNDLE_ID_PARENT_STATE
    private static final float FLING_DEFAULT_ABSORB_VELOCITY
    private static final float FLING_FRICTION
    private static final int INSERT_AT_END_OF_LIST
    private static final int INSERT_AT_START_OF_LIST
    public void scrollTo(int)
    public void setRunningOutOfDataListener(com.Example.calligrapy.HorizontalListView$RunningOutOfDataListener,int)
com.Example.calligrapy.IconTextView:
    private android.content.res.Resources resources
    public void <init>(android.content.Context)
    public void <init>(android.content.Context,android.util.AttributeSet,int)
    public void <init>(android.content.Context,android.util.AttributeSet,int,int)
com.Example.calligrapy.LogoView:
    private static final java.lang.String TAG
    public void <init>(android.content.Context)
    public void <init>(android.content.Context,android.util.AttributeSet,int)
    public void <init>(android.content.Context,android.util.AttributeSet,int,int)
com.Example.calligrapy.NonScrollListView:
    public void <init>(android.content.Context)
    public void <init>(android.content.Context,android.util.AttributeSet,int)
com.Example.calligrapy.R$anim
com.Example.calligrapy.R$animator
com.Example.calligrapy.R$attr
com.Example.calligrapy.R$bool
com.Example.calligrapy.R$color
com.Example.calligrapy.R$dimen
com.Example.calligrapy.R$drawable
com.Example.calligrapy.R$font
com.Example.calligrapy.R$id
com.Example.calligrapy.R$integer
com.Example.calligrapy.R$interpolator
com.Example.calligrapy.R$layout
com.Example.calligrapy.R$mipmap
com.Example.calligrapy.R$plurals
com.Example.calligrapy.R$string
com.Example.calligrapy.R$style
...
androidx.dynamicanimation.animation.DynamicAnimation$7
androidx.dynamicanimation.animation.DynamicAnimation$8
androidx.dynamicanimation.animation.DynamicAnimation$9
androidx.dynamicanimation.animation.DynamicAnimation$MassState
androidx.dynamicanimation.animation.DynamicAnimation$OnAnimationEndListener
androidx.dynamicanimation.animation.DynamicAnimation$OnAnimationUpdateListener
androidx.dynamicanimation.animation.DynamicAnimation$ViewProperty
androidx.dynamicanimation.animation.DynamicAnimation
androidx.dynamicanimation.animation.FlingAnimation$DragForce
androidx.dynamicanimation.animation.FlingAnimation
androidx.dynamicanimation.animation.FloatPropertyCompat$1
androidx.dynamicanimation.animation.FloatPropertyCompat
androidx.dynamicanimation.animation.FloatValueHolder
androidx.dynamicanimation.animation.Force
androidx.dynamicanimation.animation.SpringAnimation
androidx.dynamicanimation.animation.SpringForce
androidx.emoji2.R
androidx.emoji2.text.ConcurrencyHelpers$Handler28Impl:
    private void <init>()
androidx.emoji2.text.ConcurrencyHelpers:
    private static final int FONT_LOAD_TIMEOUT_SECONDS
    private void <init>()
    static java.util.concurrent.Executor convertHandlerToExecutor(android.os.Handler)
androidx.emoji2.text.DefaultEmojiCompatConfig$DefaultEmojiCompatConfigFactory:
    private static final java.lang.String DEFAULT_EMOJI_QUERY
    private static final java.lang.String INTENT_LOAD_EMOJI_FONT
    private static final java.lang.String TAG
androidx.emoji2.text.DefaultEmojiCompatConfig:
    private void <init>()
androidx.emoji2.text.DefaultGlyphChecker:
    private static final int PAINT_TEXT_SIZE
androidx.emoji2.text.EmojiCompat$CodepointSequenceMatchResult
androidx.emoji2.text.EmojiCompat$CompatInternal19:
    java.lang.String getAssetSignature()
    public int getEmojiMatch(java.lang.CharSequence,int)
    boolean hasEmojiGlyph(java.lang.CharSequence)
    boolean hasEmojiGlyph(java.lang.CharSequence,int)
androidx.emoji2.text.EmojiCompat$CompatInternal:
    java.lang.String getAssetSignature()
    public int getEmojiMatch(java.lang.CharSequence,int)
    boolean hasEmojiGlyph(java.lang.CharSequence)
    boolean hasEmojiGlyph(java.lang.CharSequence,int)
androidx.emoji2.text.EmojiCompat$Config:
    public androidx.emoji2.text.EmojiCompat$Config registerInitCallback(androidx.emoji2.text.EmojiCompat$InitCallback)
    public androidx.emoji2.text.EmojiCompat$Config setEmojiSpanIndicatorColor(int)
    public androidx.emoji2.text.EmojiCompat$Config setEmojiSpanIndicatorEnabled(boolean)
    public androidx.emoji2.text.EmojiCompat$Config setGlyphChecker(androidx.emoji2.text.EmojiCompat$GlyphChecker)
    public androidx.emoji2.text.EmojiCompat$Config setReplaceAll(boolean)
    public androidx.emoji2.text.EmojiCompat$Config setUseEmojiAsDefaultStyle(boolean)
    public androidx.emoji2.text.EmojiCompat$Config setUseEmojiAsDefaultStyle(boolean,java.util.List)
    public androidx.emoji2.text.EmojiCompat$Config unregisterInitCallback(androidx.emoji2.text.EmojiCompat$InitCallback)
androidx.emoji2.text.EmojiCompat$LoadStrategy
androidx.emoji2.text.EmojiCompat$ReplaceStrategy